┌ Info: Week 51 success rate: 0.0
┌ Info: Week 52 success rate: 0.0
┌ Info: Week 53 success rate: 1.0
┌ Info: Week 54 success rate: 1.0
┌ Info: Week 55 success rate: 1.0
┌ Info: Week 56 success rate: 0.5
┌ Info: Week 57 success rate: 1.0
┌ Info: Week 58 success rate: 1.0
simik@pop-os:~/Obsi/Prods/04-škola/_out/simulace-simsys$ ./qruna.sh 
┌ Info: Week 81 success rate: 1.0
┌ Info: Week 82 success rate: 1.0
┌ Info: Week 83 success rate: 1.0
┌ Info: Week 84 success rate: 1.0
┌ Info: Week 85 success rate: 1.0
┌ Info: Week 86 success rate: 0.0
┌ Info: Week 87 success rate: 1.0
┌ Info: Week 88 success rate: 0.5
┌ Info: Week 89 success rate: 1.0
┌ Info: Week 90 success rate: 1.0
simik@pop-os:~/Obsi/Prods/04-škola/_out/simulace-simsys$ 
simik@pop-os:~/Obsi/Prods/04-škola/_out/simulace-simsys$ ./qruna.sh 
┌ Info: Week 41 success rate: 1.0
┌ Info: Week 42 success rate: 1.0
┌ Info: Week 43 success rate: 1.0
┌ Info: Week 44 success rate: 0.6666666666666666
┌ Info: Week 45 success rate: 0.0
┌ Info: Week 46 success rate: 1.0
┌ Info: Week 47 success rate: 1.0
┌ Info: Week 48 success rate: 1.0
┌ Info: Week 49 success rate: 1.0
┌ Info: Week 50 success rate: 1.0
simik@pop-os:~/Obsi/Prods/04-škola/_out/simulace-simsys$ ./qruna.sh 
┌ Info: Week 18 success rate: 0.0
┌ Info: Week 19 success rate: 1.0
┌ Info: Week 20 success rate: 1.0
┌ Info: Week 21 success rate: 0.0
┌ Info: Week 22 success rate: 1.0
┌ Info: Week 23 success rate: 0.6666666666666666
┌ Info: Week 24 success rate: 1.0
┌ Info: Week 25 success rate: 1.0
┌ Info: Week 26 success rate: 1.0
┌ Info: Week 27 success rate: 0.0
simik@pop-os:~/Obsi/Prods/04-škola/_out/simulace-simsys$ ./qruna.sh 
┌ Info: Week 74 success rate: 1.0
┌ Info: Week 75 success rate: 0.5
┌ Info: Week 76 success rate: 1.0
┌ Info: Week 77 success rate: 1.0
┌ Info: Week 78 success rate: 1.0
┌ Info: Week 79 success rate: 0.0
┌ Info: Week 80 success rate: 1.0
┌ Info: Week 81 success rate: 1.0
┌ Info: Week 82 success rate: 1.0
┌ Info: Week 83 success rate: 1.0
simik@pop-os:~/Obsi/Prods/04-škola/_out/simulace-simsys$ ./qruna.sh 
┌ Info: Week 30 success rate: 0.6666666666666666
┌ Info: Week 31 success rate: 1.0
┌ Info: Week 32 success rate: 1.0
┌ Info: Week 33 success rate: 0.5
┌ Info: Week 34 success rate: 1.0
┌ Info: Week 35 success rate: 1.0
┌ Info: Week 36 success rate: 1.0
┌ Info: Week 37 success rate: 1.0
┌ Info: Week 38 success rate: 0.0
┌ Info: Week 39 success rate: 1.0
simik@pop-os:~/Obsi/Prods/04-škola/_out/simulace-simsys$ ./qruna.sh 
ERROR: LoadError: BoundsError: attempt to access 21-element UnitRange{Int64} at index [1:110]
Stacktrace:
  [1] throw_boundserror(A::UnitRange{Int64}, I::Tuple{UnitRange{Int64}})
    @ Base ./essentials.jl:14
  [2] checkbounds
    @ ./abstractarray.jl:699 [inlined]
  [3] getindex(r::UnitRange{Int64}, s::UnitRange{Int64})
    @ Base ./range.jl:973
  [4] gr_draw_segments(series::Plots.Series, x::UnitRange{Int64}, y::Vector{Float64}, z::Nothing, fillrange::Nothing, clims::Tuple{F
loat64, Float64})
    @ Plots ~/.julia/packages/Plots/Ec1L1/src/backends/gr.jl:1849
  [5] gr_add_series(sp::Plots.Subplot{Plots.GRBackend}, series::Plots.Series)
    @ Plots ~/.julia/packages/Plots/Ec1L1/src/backends/gr.jl:1766
  [6] gr_display(sp::Plots.Subplot{Plots.GRBackend}, w::Measures.AbsoluteLength, h::Measures.AbsoluteLength, vp_canvas::Plots.GRView
port{Float64})
    @ Plots ~/.julia/packages/Plots/Ec1L1/src/backends/gr.jl:964
  [7] (::Plots.var"#508#509"{Int64, Int64, Plots.GRViewport{Float64}})(sp::Plots.Subplot{Plots.GRBackend})
    @ Plots ~/.julia/packages/Plots/Ec1L1/src/backends/gr.jl:688
  [8] foreach(f::Plots.var"#508#509"{Int64, Int64, Plots.GRViewport{Float64}}, itr::Vector{Plots.Subplot})
    @ Base ./abstractarray.jl:3187
  [9] gr_display(plt::Plots.Plot{Plots.GRBackend}, dpi_factor::Float64)
    @ Plots ~/.julia/packages/Plots/Ec1L1/src/backends/gr.jl:688
 [10] #557
    @ ~/.julia/packages/Plots/Ec1L1/src/backends/gr.jl:2086 [inlined]
 [11] withenv(::Plots.var"#557#558"{Plots.Plot{Plots.GRBackend}, Float64}, ::Pair{String, String}, ::Vararg{Pair{String, String}})
    @ Base ./env.jl:265
 [12] _show(io::IOStream, ::MIME{Symbol("image/png")}, plt::Plots.Plot{Plots.GRBackend})
    @ Plots ~/.julia/packages/Plots/Ec1L1/src/backends/gr.jl:2081
 [13] #invokelatest#2
    @ ./essentials.jl:1055 [inlined]
 [14] invokelatest
    @ ./essentials.jl:1052 [inlined]
 [15] show
    @ ~/.julia/packages/Plots/Ec1L1/src/output.jl:232 [inlined]
 [16] #346
    @ ~/.julia/packages/Plots/Ec1L1/src/output.jl:6 [inlined]
 [17] open(::Plots.var"#346#347"{Plots.Plot{Plots.GRBackend}}, ::String, ::Vararg{String}; kwargs::@Kwargs{})
    @ Base ./io.jl:410
 [18] open
    @ ./io.jl:407 [inlined]
 [19] png(plt::Plots.Plot{Plots.GRBackend}, fn::String)
    @ Plots ~/.julia/packages/Plots/Ec1L1/src/output.jl:6
 [20] savefig(plt::Plots.Plot{Plots.GRBackend}, fn::String)
    @ Plots ~/.julia/packages/Plots/Ec1L1/src/output.jl:149
 [21] savefig(fn::String)
    @ Plots ~/.julia/packages/Plots/Ec1L1/src/output.jl:154
 [22] top-level scope
    @ ~/Obsi/Prods/04-škola/_out/simulace-simsys/simulace-nobatch.jl:257
in expression starting at /home/simik/Obsi/Prods/04-škola/_out/simulace-simsys/simulace-nobatch.jl:251
┌ Info: Week 12 success rate: 1.0
┌ Info: Week 13 success rate: 0.0
┌ Info: Week 14 success rate: 1.0
┌ Info: Week 15 success rate: 0.0
┌ Info: Week 16 success rate: 1.0
┌ Info: Week 17 success rate: 1.0
┌ Info: Week 18 success rate: 1.0
┌ Info: Week 19 success rate: 1.0
┌ Info: Week 20 success rate: 1.0
┌ Info: Week 21 success rate: 1.0
simik@pop-os:~/Obsi/Prods/04-škola/_out/simulace-simsys$ ./qruna.sh 
┌ Info: Week 13 success rate: 0.0
┌ Info: Week 14 success rate: 1.0
┌ Info: Week 15 success rate: 0.0
┌ Info: Week 16 success rate: 0.0
┌ Info: Week 17 success rate: 1.0
┌ Info: Week 18 success rate: 1.0
┌ Info: Week 19 success rate: 1.0
┌ Info: Week 20 success rate: 1.0
┌ Info: Week 21 success rate: 0.0
┌ Info: Week 22 success rate: 1.0
simik@pop-os:~/Obsi/Prods/04-škola/_out/simulace-simsys$ ./qruna.sh 
┌ Info: Week 13 success rate: 0.0
┌ Info: Week 14 success rate: 1.0
┌ Info: Week 15 success rate: 0.0
┌ Info: Week 16 success rate: 0.0
┌ Info: Week 17 success rate: 1.0
┌ Info: Week 18 success rate: 1.0
┌ Info: Week 19 success rate: 1.0
┌ Info: Week 20 success rate: 1.0
┌ Info: Week 21 success rate: 1.0
┌ Info: Week 22 success rate: 1.0
simik@pop-os:~/Obsi/Prods/04-škola/_out/simulace-simsys$ ./qruna.sh 
┌ Info: Week 15 success rate: 0.0
┌ Info: Week 16 success rate: 1.0
┌ Info: Week 17 success rate: 1.0
┌ Info: Week 18 success rate: 1.0
┌ Info: Week 19 success rate: 1.0
┌ Info: Week 20 success rate: 1.0
┌ Info: Week 21 success rate: 1.0
┌ Info: Week 22 success rate: 0.0
┌ Info: Week 23 success rate: 1.0
┌ Info: Week 24 success rate: 1.0
simik@pop-os:~/Obsi/Prods/04-škola/_out/simulace-simsys$ ./qruna.sh 
Any[Any[134, 30], Any[21, 32], Any[21, 26], Any[21, 21], Any[21, 24], Any[35, 21], Any[41, 26], Any[23, 26], Any[21, 24], Any[23, 21
]]
┌ Info: Week 12 success rate: 1.0
┌ Info: Week 13 success rate: 1.0
┌ Info: Week 14 success rate: 1.0
┌ Info: Week 15 success rate: 0.0
┌ Info: Week 16 success rate: 1.0
┌ Info: Week 17 success rate: 1.0
┌ Info: Week 18 success rate: 1.0
┌ Info: Week 19 success rate: 1.0
┌ Info: Week 20 success rate: 0.0
┌ Info: Week 21 success rate: 1.0
simik@pop-os:~/Obsi/Prods/04-škola/_out/simulace-simsys$ ./qruna.sh 
Any[Any[103, 21], Any[41, 22], Any[29, 22], Any[21, 23], Any[23, 26], Any[26, 21], Any[35, 22], Any[21, 24], Any[71, 21], Any[22, 22
]]
ERROR: LoadError: BoundsError: attempt to access 10×1 Matrix{Vector{Any}} at index [1:10, 2]
Stacktrace:
 [1] throw_boundserror(A::Matrix{Vector{Any}}, I::Tuple{Base.Slice{Base.OneTo{Int64}}, Int64})
   @ Base ./essentials.jl:14
 [2] checkbounds
   @ ./abstractarray.jl:699 [inlined]
 [3] _getindex
   @ ./multidimensional.jl:914 [inlined]
 [4] getindex(::Matrix{Vector{Any}}, ::Function, ::Int64)
   @ Base ./abstractarray.jl:1312
 [5] top-level scope
   @ ~/Obsi/Prods/04-škola/_out/simulace-simsys/simulace-nobatch.jl:246
in expression starting at /home/simik/Obsi/Prods/04-škola/_out/simulace-simsys/simulace-nobatch.jl:246
┌ Info: Week 13 success rate: 1.0
┌ Info: Week 14 success rate: 0.0
┌ Info: Week 15 success rate: 0.5
┌ Info: Week 16 success rate: 0.0
┌ Info: Week 17 success rate: 1.0
┌ Info: Week 18 success rate: 0.0
┌ Info: Week 19 success rate: 1.0
┌ Info: Week 20 success rate: 1.0
┌ Info: Week 21 success rate: 1.0
┌ Info: Week 22 success rate: 1.0
simik@pop-os:~/Obsi/Prods/04-škola/_out/simulace-simsys$ ./qruna.sh 
Any[100, 25]
Any[21, 45]
Any[27, 27]
Any[21, 29]
Any[39, 26]
Any[21, 28]
Any[21, 21]
Any[21, 22]
Any[30, 21]
Any[21, 22]
Any[Any[100, 25], Any[21, 45], Any[27, 27], Any[21, 29], Any[39, 26], Any[21, 28], Any[21, 21], Any[21, 22], Any[30, 21], Any[21, 22
]]
ERROR: LoadError: BoundsError: attempt to access 10×1 Matrix{Vector{Any}} at index [1:10, 2]
Stacktrace:
 [1] throw_boundserror(A::Matrix{Vector{Any}}, I::Tuple{Base.Slice{Base.OneTo{Int64}}, Int64})
   @ Base ./essentials.jl:14
 [2] checkbounds
   @ ./abstractarray.jl:699 [inlined]
 [3] _getindex
   @ ./multidimensional.jl:914 [inlined]
 [4] getindex(::Matrix{Vector{Any}}, ::Function, ::Int64)
   @ Base ./abstractarray.jl:1312
 [5] top-level scope
   @ ~/Obsi/Prods/04-škola/_out/simulace-simsys/simulace-nobatch.jl:247
in expression starting at /home/simik/Obsi/Prods/04-škola/_out/simulace-simsys/simulace-nobatch.jl:247
┌ Info: Week 13 success rate: 1.0
┌ Info: Week 14 success rate: 1.0
┌ Info: Week 15 success rate: 1.0
┌ Info: Week 16 success rate: 1.0
┌ Info: Week 17 success rate: 1.0
┌ Info: Week 18 success rate: 0.0
┌ Info: Week 19 success rate: 1.0
┌ Info: Week 20 success rate: 1.0
┌ Info: Week 21 success rate: 1.0
┌ Info: Week 22 success rate: 1.0
simik@pop-os:~/Obsi/Prods/04-škola/_out/simulace-simsys$ ./qruna.sh 
Any[50, 28]
Any[21, 21]
Any[67, 23]
Any[23, 22]
Any[64, 22]
Any[30, 21]
Any[30, 38]
Any[21, 21]
Any[45, 21]
Any[42, 38]
Any[Any[50, 28], Any[21, 21], Any[67, 23], Any[23, 22], Any[64, 22], Any[30, 21], Any[30, 38], Any[21, 21], Any[45, 21], Any[42, 38]
]
ERROR: LoadError: BoundsError: attempt to access 10×1 Matrix{Vector{Any}} at index [1:10, 2]
Stacktrace:
 [1] throw_boundserror(A::Matrix{Vector{Any}}, I::Tuple{Base.Slice{Base.OneTo{Int64}}, Int64})
   @ Base ./essentials.jl:14
 [2] checkbounds
   @ ./abstractarray.jl:699 [inlined]
 [3] _getindex
   @ ./multidimensional.jl:914 [inlined]
 [4] getindex(::Matrix{Vector{Any}}, ::Function, ::Int64)
   @ Base ./abstractarray.jl:1312
 [5] top-level scope
   @ ~/Obsi/Prods/04-škola/_out/simulace-simsys/simulace-nobatch.jl:247
in expression starting at /home/simik/Obsi/Prods/04-škola/_out/simulace-simsys/simulace-nobatch.jl:247
┌ Info: Week 29 success rate: 1.0
┌ Info: Week 30 success rate: 1.0
┌ Info: Week 31 success rate: 1.0
┌ Info: Week 32 success rate: 1.0
┌ Info: Week 33 success rate: 1.0
┌ Info: Week 34 success rate: 1.0
┌ Info: Week 35 success rate: 1.0
┌ Info: Week 36 success rate: 1.0
┌ Info: Week 37 success rate: 1.0
┌ Info: Week 38 success rate: 1.0
simik@pop-os:~/Obsi/Prods/04-škola/_out/simulace-simsys$ ./qruna.sh 
Any[81, 23]
Any[25, 23]
Any[44, 21]
Any[21, 21]
Any[21, 21]
Any[23, 36]
Any[21, 22]
Any[24, 21]
Any[21, 21]
Any[22, 25]
Any[Any[81, 23], Any[25, 23], Any[44, 21], Any[21, 21], Any[21, 21], Any[23, 36], Any[21, 22], Any[24, 21], Any[21, 21], Any[22, 25]
]
Vector{Any}[[81, 23], [25, 23], [44, 21], [21, 21], [21, 21], [23, 36], [21, 22], [24, 21], [21, 21], [22, 25]]
┌ Info: Week 16 success rate: 1.0
┌ Info: Week 17 success rate: 1.0
┌ Info: Week 18 success rate: 0.0
┌ Info: Week 19 success rate: 1.0
┌ Info: Week 20 success rate: 0.5
┌ Info: Week 21 success rate: 0.0
┌ Info: Week 22 success rate: 1.0
┌ Info: Week 23 success rate: 1.0
┌ Info: Week 24 success rate: 1.0
┌ Info: Week 25 success rate: 1.0
simik@pop-os:~/Obsi/Prods/04-škola/_out/simulace-simsys$ ./qruna.sh 
Any[83, 22]
Any[21, 26]
Any[26, 25]
Any[27, 21]
Any[23, 21]
Any[21, 21]
Any[22, 35]
Any[21, 22]
Any[27, 21]
Any[21, 22]
Any[Any[83, 22], Any[21, 26], Any[26, 25], Any[27, 21], Any[23, 21], Any[21, 21], Any[22, 35], Any[21, 22], Any[27, 21], Any[21, 22]
]
Vector{Any}[[83, 22]; [21, 26]; [26, 25]; [27, 21]; [23, 21]; [21, 21]; [22, 35]; [21, 22]; [27, 21]; [21, 22];;]
Vector{Any}[[83, 22], [21, 26], [26, 25], [27, 21], [23, 21], [21, 21], [22, 35], [21, 22], [27, 21], [21, 22]]
┌ Info: Week 13 success rate: 1.0
┌ Info: Week 14 success rate: 0.0
┌ Info: Week 15 success rate: 1.0
┌ Info: Week 16 success rate: 0.0
┌ Info: Week 17 success rate: 1.0
┌ Info: Week 18 success rate: 1.0
┌ Info: Week 19 success rate: 1.0
┌ Info: Week 20 success rate: 1.0
┌ Info: Week 21 success rate: 1.0
┌ Info: Week 22 success rate: 0.0
simik@pop-os:~/Obsi/Prods/04-škola/_out/simulace-simsys$ ./qruna.sh 
Any[83, 21]
Any[42, 21]
Any[24, 40]
Any[25, 21]
Any[21, 34]
Any[21, 22]
Any[41, 21]
Any[21, 21]
Any[24, 24]
Any[21, 32]
Any[Any[83, 21], Any[42, 21], Any[24, 40], Any[25, 21], Any[21, 34], Any[21, 22], Any[41, 21], Any[21, 21], Any[24, 24], Any[21, 32]
]
Vector{Any}[[83, 21]; [42, 21]; [24, 40]; [25, 21]; [21, 34]; [21, 22]; [41, 21]; [21, 21]; [24, 24]; [21, 32];;]
Vector{Any}[[83, 21]]
┌ Info: Week 23 success rate: 1.0
┌ Info: Week 24 success rate: 1.0
┌ Info: Week 25 success rate: 1.0
┌ Info: Week 26 success rate: 1.0
┌ Info: Week 27 success rate: 1.0
┌ Info: Week 28 success rate: 1.0
┌ Info: Week 29 success rate: 1.0
┌ Info: Week 30 success rate: 0.0
┌ Info: Week 31 success rate: 1.0
┌ Info: Week 32 success rate: 1.0
simik@pop-os:~/Obsi/Prods/04-škola/_out/simulace-simsys$ ./qruna.sh 
Any[85, 51]
Any[23, 21]
Any[21, 21]
Any[23, 21]
Any[43, 22]
Any[24, 23]
Any[21, 21]
Any[21, 21]
Any[21, 22]
Any[21, 36]
Any[Any[85, 51], Any[23, 21], Any[21, 21], Any[23, 21], Any[43, 22], Any[24, 23], Any[21, 21], Any[21, 21], Any[21, 22], Any[21, 36]
]
Any[Any[85, 51], Any[23, 21], Any[21, 21], Any[23, 21], Any[43, 22], Any[24, 23], Any[21, 21], Any[21, 21], Any[21, 22], Any[21, 36]
]
Any[Any[85, 51]]
┌ Info: Week 27 success rate: 1.0
┌ Info: Week 28 success rate: 1.0
┌ Info: Week 29 success rate: 1.0
┌ Info: Week 30 success rate: 1.0
┌ Info: Week 31 success rate: 1.0
┌ Info: Week 32 success rate: 1.0
┌ Info: Week 33 success rate: 1.0
┌ Info: Week 34 success rate: 0.0
┌ Info: Week 35 success rate: 1.0
┌ Info: Week 36 success rate: 1.0
simik@pop-os:~/Obsi/Prods/04-škola/_out/simulace-simsys$ ./qruna.sh 
Any[51, 39]
Any[21, 57]
Any[21, 29]
Any[23, 21]
Any[21, 49]
Any[25, 22]
Any[23, 35]
Any[21, 44]
Any[23, 21]
Any[26, 21]
Any[Any[51, 39], Any[21, 57], Any[21, 29], Any[23, 21], Any[21, 49], Any[25, 22], Any[23, 35], Any[21, 44], Any[23, 21], Any[26, 21]
]
Any[Any[51, 39], Any[21, 57], Any[21, 29], Any[23, 21], Any[21, 49], Any[25, 22], Any[23, 35], Any[21, 44], Any[23, 21], Any[26, 21]
]
Any[Any[51, 39], Any[21, 57], Any[21, 29], Any[23, 21], Any[21, 49], Any[25, 22], Any[23, 35], Any[21, 44], Any[23, 21], Any[26, 21]
]
┌ Info: Week 12 success rate: 1.0
┌ Info: Week 13 success rate: 1.0
┌ Info: Week 14 success rate: 1.0
┌ Info: Week 15 success rate: 1.0
┌ Info: Week 16 success rate: 1.0
┌ Info: Week 17 success rate: 1.0
┌ Info: Week 18 success rate: 0.0
┌ Info: Week 19 success rate: 1.0
┌ Info: Week 20 success rate: 1.0
┌ Info: Week 21 success rate: 1.0
simik@pop-os:~/Obsi/Prods/04-škola/_out/simulace-simsys$ ./qruna.sh 
Any[86, 24]
Any[21, 21]
Any[21, 21]
Any[24, 23]
Any[21, 29]
Any[22, 21]
Any[45, 21]
Any[21, 21]
Any[21, 21]
Any[31, 21]
Any[Any[86, 24], Any[21, 21], Any[21, 21], Any[24, 23], Any[21, 29], Any[22, 21], Any[45, 21], Any[21, 21], Any[21, 21], Any[31, 21]
]
Vector{Any}[[86, 24]; [21, 21]; [21, 21]; [24, 23]; [21, 29]; [22, 21]; [45, 21]; [21, 21]; [21, 21]; [31, 21];;]
Vector{Any}[[86, 24], [21, 21], [21, 21], [24, 23], [21, 29], [22, 21], [45, 21], [21, 21], [21, 21], [31, 21]]
┌ Info: Week 12 success rate: 0.0
┌ Info: Week 13 success rate: 1.0
┌ Info: Week 14 success rate: 1.0
┌ Info: Week 15 success rate: 0.0
┌ Info: Week 16 success rate: 0.0
┌ Info: Week 17 success rate: 1.0
┌ Info: Week 18 success rate: 1.0
┌ Info: Week 19 success rate: 1.0
┌ Info: Week 20 success rate: 1.0
┌ Info: Week 21 success rate: 1.0
simik@pop-os:~/Obsi/Prods/04-škola/_out/simulace-simsys$ ./qruna.sh 
Any[75, 24]
Any[23, 21]
Any[66, 21]
Any[21, 30]
Any[21, 21]
Any[21, 47]
Any[24, 21]
Any[45, 21]
Any[24, 23]
Any[21, 21]
Any[Any[75, 24], Any[23, 21], Any[66, 21], Any[21, 30], Any[21, 21], Any[21, 47], Any[24, 21], Any[45, 21], Any[24, 23], Any[21, 21]
]
Any[75, 24, 23, 21, 66, 21, 21, 30, 21, 21, 21, 47, 24, 21, 45, 21, 24, 23, 21, 21]
Any[75, 24, 23, 21, 66, 21, 21, 30, 21, 21, 21, 47, 24, 21, 45, 21, 24, 23, 21, 21]
┌ Info: Week 12 success rate: 0.0
┌ Info: Week 13 success rate: 1.0
┌ Info: Week 14 success rate: 1.0
┌ Info: Week 15 success rate: 1.0
┌ Info: Week 16 success rate: 0.0
┌ Info: Week 17 success rate: 0.0
┌ Info: Week 18 success rate: 1.0
┌ Info: Week 19 success rate: 1.0
┌ Info: Week 20 success rate: 1.0
┌ Info: Week 21 success rate: 1.0
simik@pop-os:~/Obsi/Prods/04-škola/_out/simulace-simsys$ ./qruna.sh 
Any[54, 21]
Any[47, 21]
Any[21, 26]
Any[25, 21]
Any[22, 23]
Any[21, 33]
Any[22, 21]
Any[21, 21]
Any[21, 23]
Any[21, 23]
Any[54, 21, 47, 21, 21, 26, 25, 21, 22, 23, 21, 33, 22, 21, 21, 21, 21, 23, 21, 23]
ERROR: LoadError: BoundsError: attempt to access 20-element Vector{Any} at index [1:20, 2]
Stacktrace:
 [1] throw_boundserror(A::Vector{Any}, I::Tuple{Base.Slice{Base.OneTo{Int64}}, Int64})
   @ Base ./essentials.jl:14
 [2] checkbounds
   @ ./abstractarray.jl:699 [inlined]
 [3] _getindex
   @ ./multidimensional.jl:914 [inlined]
 [4] getindex(::Vector{Any}, ::Function, ::Int64)
   @ Base ./abstractarray.jl:1312
 [5] top-level scope
   @ ~/Obsi/Prods/04-škola/_out/simulace-simsys/simulace-nobatch.jl:248
in expression starting at /home/simik/Obsi/Prods/04-škola/_out/simulace-simsys/simulace-nobatch.jl:247
┌ Info: Week 14 success rate: 1.0
┌ Info: Week 15 success rate: 0.0
┌ Info: Week 16 success rate: 0.0
┌ Info: Week 17 success rate: 0.0
┌ Info: Week 18 success rate: 0.0
┌ Info: Week 19 success rate: 1.0
┌ Info: Week 20 success rate: 1.0
┌ Info: Week 21 success rate: 1.0
┌ Info: Week 22 success rate: 1.0
┌ Info: Week 23 success rate: 1.0
simik@pop-os:~/Obsi/Prods/04-škola/_out/simulace-simsys$ ./qruna.sh 
Any[49, 35]
Any[21, 22]
Any[21, 22]
Any[22, 23]
Any[21, 38]
Any[33, 21]
Any[29, 40]
Any[26, 22]
Any[23, 21]
Any[21, 21]
[49, 35]
[21, 22]
┌ Info: Week 12 success rate: 1.0
┌ Info: Week 13 success rate: 1.0
┌ Info: Week 14 success rate: 1.0
┌ Info: Week 15 success rate: 1.0
┌ Info: Week 16 success rate: 0.0
┌ Info: Week 17 success rate: 1.0
┌ Info: Week 18 success rate: 0.0
┌ Info: Week 19 success rate: 1.0
┌ Info: Week 20 success rate: 1.0
┌ Info: Week 21 success rate: 1.0
simik@pop-os:~/Obsi/Prods/04-škola/_out/simulace-simsys$ ./qruna.sh 
Any[56, 21]
Any[27, 22]
Any[21, 22]
Any[31, 21]
Any[29, 27]
Any[43, 71]
Any[22, 24]
Any[21, 33]
Any[21, 21]
Any[29, 29]
[56, 27, 21, 31, 29, 43, 22, 21, 21, 29]
[21, 22, 22, 21, 27, 71, 24, 33, 21, 29]
┌ Info: Week 20 success rate: 0.0
┌ Info: Week 21 success rate: 1.0
┌ Info: Week 22 success rate: 1.0
┌ Info: Week 23 success rate: 0.0
┌ Info: Week 24 success rate: 0.0
┌ Info: Week 25 success rate: 1.0
┌ Info: Week 26 success rate: 1.0
┌ Info: Week 27 success rate: 1.0
┌ Info: Week 28 success rate: 1.0
┌ Info: Week 29 success rate: 1.0
simik@pop-os:~/Obsi/Prods/04-škola/_out/simulace-simsys$ ./qruna.sh 
[43, 22, 46, 26, 21, 47, 21, 21, 21, 22, 22, 23, 21, 22, 21, 21, 21, 22, 42, 47, 40, 21, 27, 21, 21, 26, 39, 21, 21, 22, 21, 21, 21,
 21, 21, 25, 21, 26, 23, 53, 27, 28, 39, 39, 40, 54, 21, 21, 49, 21]
[53, 21, 21, 21, 50, 62, 35, 24, 26, 21, 69, 21, 46, 41, 25, 21, 21, 24, 29, 21, 33, 21, 79, 21, 21, 23, 37, 22, 22, 22, 21, 35, 21,
 23, 21, 22, 33, 25, 34, 67, 21, 24, 21, 50, 21, 21, 54, 41, 27, 21]
┌ Info: Week 12 success rate: 1.0
┌ Info: Week 13 success rate: 0.0
┌ Info: Week 14 success rate: 1.0
┌ Info: Week 15 success rate: 1.0
┌ Info: Week 16 success rate: 1.0
┌ Info: Week 17 success rate: 0.0
┌ Info: Week 18 success rate: 1.0
┌ Info: Week 19 success rate: 1.0
┌ Info: Week 20 success rate: 1.0
┌ Info: Week 21 success rate: 1.0
simik@pop-os:~/Obsi/Prods/04-škola/_out/simulace-simsys$ ./qruna.sh 
[86, 27, 48, 21, 21, 21, 24, 21, 62, 46, 21, 36, 21, 29, 23, 25, 39, 21, 21, 21, 22, 21, 35, 30, 21, 21, 48, 43, 21, 21, 25, 25, 21,
 56, 27, 22, 21, 61, 58, 32, 24, 22, 22, 22, 53, 32, 28, 37, 21, 26]
[57, 21, 30, 24, 21, 21, 22, 38, 21, 28, 23, 24, 21, 39, 21, 64, 55, 23, 35, 21, 21, 29, 22, 21, 21, 59, 23, 21, 56, 21, 62, 21, 24,
 22, 26, 21, 21, 21, 36, 49, 21, 34, 21, 21, 44, 22, 28, 29, 22, 57]
┌ Info: Week 48 success rate: 1.0
┌ Info: Week 49 success rate: 0.5
┌ Info: Week 50 success rate: 1.0
┌ Info: Week 51 success rate: 1.0
┌ Info: Week 52 success rate: 1.0
┌ Info: Week 53 success rate: 1.0
┌ Info: Week 54 success rate: 1.0
┌ Info: Week 55 success rate: 1.0
┌ Info: Week 56 success rate: 1.0
┌ Info: Week 57 success rate: 1.0
simik@pop-os:~/Obsi/Prods/04-škola/_out/simulace-simsys$ ./qruna.sh 
[256, 190, 71, 63, 34, 44, 21, 35, 35, 27, 142, 103, 21, 62, 21, 121, 119, 103, 204, 21, 101, 97, 21, 100, 99, 40, 123, 109, 126, 13
0, 95, 46, 64, 89, 80, 177, 97, 155, 123, 80, 68, 87, 128, 57, 109, 34, 66, 48, 70, 38]
[79, 38, 147, 57, 50, 90, 27, 106, 65, 76, 92, 25, 75, 35, 66, 35, 134, 40, 22, 69, 42, 92, 156, 57, 194, 121, 123, 46, 125, 44, 181
, 40, 114, 37, 173, 64, 67, 129, 65, 123, 48, 108, 73, 110, 89, 29, 164, 46, 81, 40]
┌ Info: Week 31 success rate: 1.0
┌ Info: Week 32 success rate: 1.0
┌ Info: Week 33 success rate: 1.0
┌ Info: Week 34 success rate: 1.0
┌ Info: Week 35 success rate: 1.0
┌ Info: Week 36 success rate: 1.0
┌ Info: Week 37 success rate: 1.0
┌ Info: Week 38 success rate: 1.0
┌ Info: Week 39 success rate: 1.0
┌ Info: Week 40 success rate: 1.0
simik@pop-os:~/Obsi/Prods/04-škola/_out/simulace-simsys$ ./qruna.sh 
Vector: [126, 60, 21, 22, 57, 76, 55, 167, 86, 57, 39, 63, 93, 76, 53, 153, 38, 101, 94, 21, 123, 95, 21, 88, 57, 36, 52, 79, 138, 5
4, 114, 42, 23, 138, 33, 41, 54, 237, 117, 63, 149, 92, 70, 95, 45, 138, 54, 129, 96, 48]
Mean: 79.58
Median: 66.5
Standard Deviation: 45.12164510678724
Variance: 2035.962857142857
Minimum: 21
Maximum: 237
Range: (21, 237)
First Quartile (Q1): 49.0
Third Quartile (Q3): 99.75
Vector: [42, 27, 91, 25, 21, 96, 45, 161, 27, 79, 99, 48, 173, 55, 81, 89, 105, 190, 57, 216, 151, 58, 98, 154, 48, 117, 88, 80, 38,
 105, 81, 23, 68, 81, 61, 140, 157, 33, 104, 71, 97, 108, 148, 166, 109, 108, 150, 152, 30, 88]
Mean: 92.78
Median: 88.5
Standard Deviation: 48.60179302982849
Variance: 2362.1342857142854
Minimum: 21
Maximum: 216
Range: (21, 216)
First Quartile (Q1): 55.5
Third Quartile (Q3): 115.0
┌ Info: Week 79 success rate: 1.0
┌ Info: Week 80 success rate: 1.0
┌ Info: Week 81 success rate: 1.0
┌ Info: Week 82 success rate: 1.0
┌ Info: Week 83 success rate: 1.0
┌ Info: Week 84 success rate: 1.0
┌ Info: Week 85 success rate: 1.0
┌ Info: Week 86 success rate: 1.0
┌ Info: Week 87 success rate: 1.0
┌ Info: Week 88 success rate: 1.0
simik@pop-os:~/Obsi/Prods/04-škola/_out/simulace-simsys$ ./qruna.sh 
Vector: [237, 39, 22, 108, 83, 144, 23, 73, 58, 108, 21, 81, 36, 117, 111, 116, 138, 25, 34, 21, 40, 43, 86, 64, 76, 90, 120, 195, 
1, 69, 54, 113, 125, 124, 155, 149, 89, 108, 56, 119, 93, 202, 226, 72, 115, 100, 141, 162, 128, 208]
Mean: 99.56
Median: 96.5
Standard Deviation: 54.58532358629386
Variance: 2979.5575510204085
Minimum: 21
Maximum: 237
Range: (21, 237)
First Quartile (Q1): 58.75
Third Quartile (Q3): 124.75
Vector: [63, 63, 63, 79, 29, 21, 21, 120, 98, 98, 24, 29, 35, 137, 41, 56, 21, 154, 98, 58, 95, 51, 162, 86, 89, 124, 30, 65, 90, 4
, 114, 148, 116, 55, 55, 114, 23, 115, 103, 150, 117, 76, 68, 104, 102, 126, 94, 89, 164, 107]
Mean: 83.76
Median: 89.0
Standard Deviation: 40.57975769634261
Variance: 1646.7167346938775
Minimum: 21
Maximum: 164
Range: (21, 164)
First Quartile (Q1): 55.0
Third Quartile (Q3): 114.0
┌ Info: Week 98 success rate: 0.5
┌ Info: Week 99 success rate: 1.0
┌ Info: Week 100 success rate: 1.0
┌ Info: Week 101 success rate: 0.0
┌ Info: Week 102 success rate: 1.0
┌ Info: Week 103 success rate: 1.0
┌ Info: Week 104 success rate: 1.0
┌ Info: Week 105 success rate: 1.0
┌ Info: Week 106 success rate: 1.0
┌ Info: Week 107 success rate: 1.0
simik@pop-os:~/Obsi/Prods/04-škola/_out/simulace-simsys$ ./qruna.sh 
Vector: [192, 21, 29, 67, 166, 33, 98, 21, 98, 41, 173, 78, 47, 133, 47, 21, 30, 86, 129, 23, 104, 42, 92, 184, 166, 101, 181, 113,
 60, 74, 111, 48, 94, 235, 90, 79, 144, 164, 140, 64, 160, 99, 123, 106, 126, 21, 129, 52, 133, 35, 120, 105, 40, 131, 87, 95, 80, 
22, 59, 195, 148, 93, 115, 82, 101, 51, 198, 194, 98, 166, 54, 126, 116, 124, 125, 104, 73, 117, 97, 261, 86, 66, 209, 195, 24, 119
, 104, 88, 60, 215, 160, 118, 116, 157, 137, 148, 148, 72, 37, 27, 44, 200, 132, 143, 223, 243, 284, 124, 119, 36, 156, 86, 123, 12
5, 206, 69, 53, 35, 123, 49, 85, 121, 136, 122, 114, 89, 192, 122, 148, 105, 157, 108, 114, 144, 180, 87, 136, 24, 61, 211, 180, 92
, 132, 103, 64, 149, 26, 167, 53, 102]
Mean: 110.42
Median: 107.0
Standard Deviation: 55.763675603196425
Variance: 3109.587516778524
Minimum: 21
Maximum: 284
Range: (21, 284)
First Quartile (Q1): 67.5
Third Quartile (Q3): 143.75
Vector: [27, 88, 28, 133, 110, 33, 88, 22, 75, 42, 27, 69, 136, 74, 26, 65, 99, 86, 31, 61, 87, 106, 52, 91, 42, 129, 90, 220, 78, 
126, 21, 260, 132, 105, 100, 140, 113, 23, 85, 124, 230, 38, 66, 117, 54, 79, 79, 97, 108, 23, 240, 107, 189, 27, 118, 110, 99, 53,
 131, 79, 114, 147, 236, 151, 62, 67, 109, 147, 121, 146, 25, 171, 21, 144, 52, 132, 89, 75, 113, 59, 60, 140, 194, 96, 120, 36, 32
0, 73, 156, 123, 114, 133, 175, 81, 168, 95, 109, 72, 106, 111, 50, 123, 64, 171, 125, 106, 63, 46, 62, 163, 23, 131, 104, 78, 143,
 191, 247, 98, 68, 157, 60, 131, 64, 234, 83, 50, 126, 126, 129, 128, 197, 33, 142, 32, 161, 136, 21, 96, 147, 185, 95, 166, 90, 13
4, 108, 43, 135, 84, 163, 104]
Mean: 105.11333333333333
Median: 104.0
Standard Deviation: 55.56863301712126
Variance: 3087.8729753914986
Minimum: 21
Maximum: 320
Range: (21, 320)
First Quartile (Q1): 64.25
Third Quartile (Q3): 133.0
┌ Info: Week 95 success rate: 1.0
┌ Info: Week 96 success rate: 1.0
┌ Info: Week 97 success rate: 1.0
┌ Info: Week 98 success rate: 1.0
┌ Info: Week 99 success rate: 0.0
┌ Info: Week 100 success rate: 1.0
┌ Info: Week 101 success rate: 1.0
┌ Info: Week 102 success rate: 1.0
┌ Info: Week 103 success rate: 1.0
┌ Info: Week 104 success rate: 1.0
simik@pop-os:~/Obsi/Prods/04-škola/_out/simulace-simsys$ ./qruna.sh 
Vector: [172, 32, 105, 139, 136, 171, 168, 210, 182, 374, 204, 232, 197, 304, 226]
Mean: 190.13333333333333
Median: 182.0
Standard Deviation: 79.9534388313122
Variance: 6392.552380952381
Minimum: 32
Maximum: 374
Range: (32, 374)
First Quartile (Q1): 153.5
Third Quartile (Q3): 218.0
Vector: [132, 60, 184, 261, 320, 374, 409, 450, 484, 539, 528, 587, 551, 626, 609]
Mean: 407.6
Median: 450.0
Standard Deviation: 180.76812298000522
Variance: 32677.11428571429
Minimum: 60
Maximum: 626
Range: (60, 626)
First Quartile (Q1): 290.5
Third Quartile (Q3): 545.0
Vector: [71, 128, 132, 152, 183, 165, 199, 188, 215, 202, 231, 215, 222, 235, 295]
Mean: 188.86666666666667
Median: 199.0
Standard Deviation: 53.919075165164564
Variance: 2907.266666666666
Minimum: 71
Maximum: 295
Range: (71, 295)
First Quartile (Q1): 158.5
Third Quartile (Q3): 218.5
Vector: [92, 216, 265, 332, 373, 361, 474, 451, 564, 487, 567, 595, 638, 663, 717]
Mean: 453.0
Median: 474.0
Standard Deviation: 178.574114265518
Variance: 31888.714285714286
Minimum: 92
Maximum: 717
Range: (92, 717)
First Quartile (Q1): 346.5
Third Quartile (Q3): 581.0
┌ Info: Week 286 success rate: 1.0
┌ Info: Week 287 success rate: 1.0
┌ Info: Week 288 success rate: 1.0
┌ Info: Week 289 success rate: 1.0
┌ Info: Week 290 success rate: 1.0
┌ Info: Week 291 success rate: 1.0
┌ Info: Week 292 success rate: 1.0
┌ Info: Week 293 success rate: 1.0
┌ Info: Week 294 success rate: 1.0
┌ Info: Week 295 success rate: 0.0
simik@pop-os:~/Obsi/Prods/04-škola/_out/simulace-simsys$ ./qruna.sh 
Vector: [154, 270, 144, 179, 185, 247, 235, 225, 230, 273, 266, 251, 287, 268, 283]
Mean: 233.13333333333333
Median: 247.0
Standard Deviation: 46.81096737589031
Variance: 2191.266666666667
Minimum: 144
Maximum: 287
Range: (144, 287)
First Quartile (Q1): 205.0
Third Quartile (Q3): 269.0
Vector: [109, 306, 255, 367, 470, 537, 544, 543, 589, 656, 687, 613, 759, 740, 775]
Mean: 530.0
Median: 544.0
Standard Deviation: 196.59348921060433
Variance: 38649.0
Minimum: 109
Maximum: 775
Range: (109, 775)
First Quartile (Q1): 418.5
Third Quartile (Q3): 671.5
Vector: [136, 204, 167, 242, 177, 257, 252, 341, 251, 262, 302, 275, 307, 278, 392]
Mean: 256.2
Median: 257.0
Standard Deviation: 66.98741886141222
Variance: 4487.314285714286
Minimum: 136
Maximum: 392
Range: (136, 392)
First Quartile (Q1): 223.0
Third Quartile (Q3): 290.0
Vector: [144, 275, 348, 447, 465, 490, 518, 638, 567, 678, 745, 713, 753, 761, 899]
Mean: 562.7333333333333
Median: 567.0
Standard Deviation: 206.64547510398668
Variance: 42702.35238095238
Minimum: 144
Maximum: 899
Range: (144, 899)
First Quartile (Q1): 456.0
Third Quartile (Q3): 729.0
┌ Info: Week 383 success rate: 1.0
┌ Info: Week 384 success rate: 0.0
┌ Info: Week 385 success rate: 1.0
┌ Info: Week 386 success rate: 1.0
┌ Info: Week 387 success rate: 1.0
┌ Info: Week 388 success rate: 1.0
┌ Info: Week 389 success rate: 1.0
┌ Info: Week 390 success rate: 1.0
┌ Info: Week 391 success rate: 0.0
┌ Info: Week 392 success rate: 1.0
simik@pop-os:~/Obsi/Prods/04-škola/_out/simulace-simsys$ ./qruna.sh 
0
3
4
4
6
7
7
7
7
7
8
9
11
11
11
13
14
15
15
15
15
15
15
17
18
19
20
21
21
23
23
24
25
26
27
27
27
28
28
30
30
32
33
33
33
34
34
35
35
36
37
38
39
39
39
39
41
41
41
41
42
42
43
44
45
46
49
50
50
52
53
54
54
54
56
56
56
56
56
56
56
56
58
58
59
60
61
61
61
61
61
63
63
63
65
65
66
67
67
68
70
70
70
71
72
74
75
75
78
78
80
81
83
84
85
85
86
86
87
89
89
90
90
91
93
93
94
94
95
96
97
98
98
98
98
99
0
1
1
2
4
5
7
8
9
10
10
11
13
13
13
14
14
14
15
19
19
20
20
21
23
23
23
24
25
25
25
27
29
29
30
31
31
32
32
36
37
38
40
40
40
42
44
45
46
49
49
53
55
0
2
4
6
8
10
13
14
14
14
14
16
17
21
23
23
25
26
28
28
29
31
34
34
36
37
42
44
45
47
47
48
48
50
50
51
52
57
59
60
62
63
67
69
70
71
73
76
78
80
85
85
88
89
90
91
92
93
94
95
95
95
98
99
102
105
106
108
109
112
113
114
117
119
121
122
127
128
128
130
131
133
134
135
135
137
137
137
138
138
139
141
143
144
145
146
147
148
150
152
154
156
158
160
161
162
163
165
167
168
171
171
171
172
173
174
174
175
176
177
177
177
179
179
181
181
182
0
1
1
2
4
7
8
8
11
12
16
17
17
19
21
22
24
25
25
26
31
32
33
36
39
40
41
41
41
44
47
48
48
50
53
58
60
64
66
68
70
72
74
76
77
77
77
78
78
82
83
84
86
87
88
90
93
97
100
102
109
110
111
112
113
113
117
118
120
120
125
127
128
128
130
131
132
133
133
135
137
137
137
137
138
139
144
146
147
147
147
148
149
150
150
155
156
157
159
160
162
163
163
167
168
170
171
172
172
174
176
176
177
181
182
183
184
186
187
188
188
190
194
198
198
198
199
200
200
202
203
206
208
209
210
211
212
213
215
215
216
218
219
219
219
220
220
221
221
221
223
224
225
227
227
227
228
230
231
232
232
233
233
233
233
234
234
234
235
235
235
236
237
237
238
0
5
12
12
13
13
15
17
17
21
22
25
26
27
30
35
39
42
43
47
49
54
57
59
64
64
65
65
65
69
70
71
72
75
76
81
82
87
90
94
94
97
100
101
103
105
106
109
112
118
122
124
124
129
129
129
133
134
137
139
139
143
143
144
147
148
149
155
157
158
159
161
166
167
171
172
175
175
181
182
185
185
185
186
188
193
196
197
198
204
204
206
207
209
210
210
210
214
216
216
216
219
220
222
225
226
227
227
228
228
230
231
233
236
240
241
242
244
247
247
249
249
250
251
254
258
259
260
260
261
262
262
263
264
264
264
265
267
267
267
268
269
271
271
273
279
281
284
287
288
289
292
292
293
294
294
295
295
295
295
295
296
296
297
297
300
301
301
303
305
0
0
2
4
7
14
16
17
18
23
23
27
28
29
30
31
36
37
37
38
39
44
44
44
45
46
49
51
51
54
55
60
61
61
63
65
69
71
74
75
79
80
81
83
86
87
87
91
92
94
97
101
103
104
109
110
111
115
119
122
123
125
126
132
133
136
136
140
141
142
144
145
147
148
148
149
152
154
154
154
158
161
161
161
162
162
163
164
168
169
173
175
175
175
177
178
179
182
187
187
187
188
190
192
195
197
200
201
202
202
205
206
207
207
207
207
208
211
213
217
217
218
220
224
224
227
232
232
233
233
236
236
238
238
240
241
241
243
243
248
249
250
254
255
255
257
258
259
260
260
261
263
263
263
263
263
265
266
266
267
267
268
269
271
271
273
274
276
277
278
0
1
5
6
8
11
13
18
22
28
37
39
43
47
49
57
58
59
61
64
66
70
75
77
81
82
84
85
86
93
93
96
100
105
105
111
114
120
123
128
128
135
136
138
140
142
145
151
151
155
161
162
164
170
173
174
178
179
180
182
187
191
195
197
198
199
199
200
200
201
202
203
204
206
207
208
211
212
212
214
218
220
227
229
231
232
234
240
241
247
248
251
252
256
258
261
261
263
267
268
270
276
284
285
287
289
291
293
293
295
298
298
304
312
314
317
317
317
319
320
321
323
326
326
328
329
332
334
335
335
335
337
341
341
344
345
345
347
349
351
354
355
357
357
360
360
363
365
365
366
368
369
369
369
369
370
370
373
373
374
374
374
375
376
377
377
378
378
378
379
380
382
382
382
383
383
0
0
7
8
10
11
12
13
13
16
16
16
18
21
21
27
31
32
34
39
43
45
46
48
51
56
63
66
69
72
72
72
74
75
77
79
82
84
89
91
97
98
101
106
107
107
108
109
112
113
114
116
117
118
122
125
128
132
135
137
139
139
143
146
148
150
153
154
157
158
159
160
160
162
164
169
172
173
175
176
179
181
183
184
187
188
189
197
201
202
204
206
209
210
213
213
214
214
215
215
215
216
218
218
218
220
223
223
228
230
232
232
233
235
236
236
238
240
242
243
245
247
248
251
252
252
254
257
258
261
264
264
267
269
270
273
275
278
280
281
282
283
285
286
289
291
292
292
293
293
293
293
293
296
296
296
296
297
298
300
301
301
302
304
304
304
305
305
306
308
309
309
309
309
309
310
311
313
313
314
315
317
317
317
317
317
0
5
7
13
13
16
18
20
28
29
29
34
36
41
45
47
53
54
57
58
62
64
68
70
74
76
78
78
84
85
86
90
90
90
90
93
95
97
102
102
103
106
111
116
121
124
125
127
129
132
134
139
140
141
141
141
142
142
145
148
149
151
152
155
156
160
163
166
170
171
173
175
175
176
177
179
182
182
182
183
183
188
188
193
195
199
202
202
204
207
210
213
214
218
221
222
223
225
226
230
231
235
235
235
237
245
246
246
247
249
251
252
253
258
267
269
271
271
274
275
276
278
278
282
284
285
287
288
288
288
292
296
296
297
300
303
304
308
309
310
311
311
313
316
317
319
319
319
320
321
324
325
326
326
328
328
329
330
333
334
334
337
338
338
338
340
340
340
342
343
346
347
348
350
351
352
355
356
357
358
359
359
361
362
362
363
363
364
366
367
367
367
367
367
367
368
369
369
0
0
4
4
7
13
14
16
19
25
27
27
30
33
33
39
40
43
47
49
51
55
58
61
65
66
73
74
78
79
79
80
84
90
95
95
98
104
104
108
109
113
113
114
115
119
122
122
129
134
136
137
139
140
145
150
151
152
155
158
159
161
162
166
166
166
167
168
169
170
173
175
177
178
181
183
187
187
188
189
194
199
200
201
208
209
212
214
216
220
221
221
223
223
223
225
230
232
235
237
239
239
241
243
244
250
250
253
256
256
257
258
263
265
265
267
270
271
275
279
281
281
282
282
283
284
284
285
289
290
291
293
295
303
305
309
310
310
310
312
314
315
317
318
320
322
322
324
324
324
327
329
330
330
333
336
340
340
0
2
6
7
10
13
17
19
22
22
27
29
33
38
44
46
46
53
54
55
56
59
59
64
65
70
70
70
73
75
76
83
86
87
90
93
98
103
105
105
108
110
113
119
122
122
123
125
129
129
130
130
130
131
134
135
139
142
145
150
151
151
153
160
162
165
168
169
170
172
173
176
180
186
187
190
192
194
196
203
208
209
210
220
220
221
222
222
226
228
229
234
240
241
245
251
252
258
260
263
266
266
273
274
274
278
283
283
286
286
288
290
291
300
304
307
307
307
309
311
313
316
316
316
319
321
324
324
329
332
332
333
336
338
339
340
340
341
341
345
345
347
348
351
355
356
358
358
365
366
370
370
370
371
372
372
374
375
376
381
382
382
386
388
389
390
391
391
392
394
394
394
394
394
0
3
8
10
12
13
17
17
20
24
29
30
33
35
37
38
42
44
48
49
49
53
53
54
57
64
71
75
81
86
94
95
98
100
103
103
103
103
108
111
113
115
116
118
120
121
123
124
128
129
137
140
141
146
147
153
154
159
163
166
170
172
179
180
186
188
191
193
200
202
202
203
203
204
209
210
212
213
215
219
221
222
225
229
231
236
237
240
243
251
251
256
257
257
260
263
269
272
275
280
281
285
291
292
296
299
300
305
306
308
309
310
310
314
319
324
324
327
327
328
331
333
340
347
348
350
354
357
363
365
367
368
368
371
372
374
378
381
383
384
387
389
392
395
399
399
401
401
403
404
406
407
408
409
410
411
413
414
415
416
421
421
421
422
422
422
423
424
427
427
431
431
433
434
435
435
438
440
441
441
441
442
444
445
447
448
0
1
3
3
7
12
16
20
24
31
32
38
42
43
48
50
53
59
62
65
68
73
78
81
83
84
89
92
96
96
97
100
103
109
112
113
118
119
125
128
129
130
131
133
134
142
145
147
148
148
149
149
150
156
163
167
169
170
172
172
175
181
188
190
193
197
200
203
210
211
211
214
216
216
216
223
225
226
226
231
232
238
243
251
253
255
255
260
262
265
267
269
273
274
275
278
280
286
288
289
290
293
297
300
302
303
306
306
310
313
314
317
323
323
326
326
328
331
334
335
336
340
341
344
344
346
348
350
350
350
351
354
356
359
361
363
369
373
376
377
380
385
386
387
391
391
395
397
401
403
407
410
414
417
420
421
421
424
425
428
429
430
431
432
434
435
436
436
436
436
436
437
437
438
441
446
447
452
452
452
454
454
454
456
458
459
461
465
466
466
467
467
471
472
474
476
477
479
481
482
483
484
487
487
488
488
489
491
491
492
494
495
496
497
497
499
500
501
501
501
501
502
504
504
505
0
5
11
15
21
25
26
30
34
35
39
40
44
45
54
54
62
65
67
70
73
77
81
84
85
90
90
96
99
104
104
109
110
111
115
116
120
126
127
128
130
135
135
135
136
137
141
145
152
154
156
160
163
167
169
172
172
176
181
183
188
190
191
195
202
202
206
208
213
216
218
222
223
224
230
231
234
236
236
237
238
241
245
251
254
259
263
267
269
269
272
273
279
280
281
285
286
287
289
289
292
294
297
298
299
304
304
305
311
315
319
320
320
323
324
329
332
332
336
340
345
348
348
348
351
353
355
359
360
360
361
363
363
363
363
366
367
370
370
373
373
373
373
375
375
377
378
378
383
384
385
393
394
395
401
403
405
405
407
407
408
409
410
413
414
414
415
418
419
420
423
424
428
428
429
0
3
4
4
11
13
17
23
25
26
27
28
29
31
34
38
41
42
43
44
48
48
51
55
58
58
64
66
71
78
81
85
88
89
93
93
100
108
109
109
115
116
117
118
123
125
133
133
137
142
142
143
145
146
149
154
156
157
158
162
163
163
165
168
171
177
177
182
187
190
191
193
197
200
201
205
208
212
213
214
217
220
222
224
224
225
228
229
232
237
242
242
243
243
244
247
251
251
254
258
263
270
274
276
280
285
289
289
290
290
293
297
299
300
306
307
311
313
316
316
317
319
324
325
326
327
335
335
335
336
341
342
345
345
349
351
354
356
358
361
362
366
373
375
379
381
382
385
385
388
393
397
398
400
404
409
413
415
416
416
420
422
422
423
424
424
424
425
425
425
427
428
428
429
432
434
435
437
437
437
438
438
440
440
441
442
443
444
445
445
445
446
448
449
451
451
451
451
451
451
451
451
451
452
453
453
454
454
454
456
456
456
457
457
459
461
462
463
464
464
464
464
465
465
465
465
467
470
470
471
471
474
475
476
476
478
479
479
480
482
482
482
482
482
482
483
483
483
483
483
483
483
483
483
484
484
484
485
485
485
486
488
489
489
490
491
491
494
494
495
495
496
496
497
0
1
6
7
9
11
16
18
23
29
32
34
36
44
48
49
50
51
59
60
61
64
66
70
73
78
79
82
83
86
86
86
87
87
88
89
90
93
96
97
98
102
103
109
111
114
118
119
121
124
128
135
143
145
148
153
158
162
168
170
176
176
178
178
179
180
186
187
189
190
191
203
213
216
224
229
230
233
235
238
239
239
240
246
247
248
249
250
253
256
259
261
266
271
277
279
281
283
285
288
289
291
291
291
293
298
299
304
307
308
312
313
317
320
322
326
327
331
334
335
337
343
348
353
356
357
358
360
362
363
365
367
367
371
374
375
380
384
386
387
389
392
393
398
401
403
405
408
408
409
413
417
423
429
430
433
440
442
442
443
443
447
448
453
453
460
461
462
465
468
469
470
473
473
474
476
477
478
479
482
485
486
487
489
489
490
491
492
492
493
495
496
498
498
500
501
503
503
505
507
507
508
510
513
515
0
10
12
19
23
26
30
34
38
40
42
45
48
50
53
54
55
55
59
60
63
71
74
81
85
87
89
90
90
95
98
100
103
104
110
112
112
114
119
120
121
127
133
139
141
142
143
148
150
158
158
159
161
161
165
170
170
174
174
178
179
180
181
188
189
193
194
203
205
206
208
211
213
216
220
224
227
228
229
235
236
241
243
244
248
254
258
261
263
270
273
278
278
279
285
298
301
303
304
305
308
311
318
323
323
327
333
334
335
341
346
349
351
351
356
362
366
368
370
373
376
378
382
387
391
394
395
398
400
403
404
408
409
419
427
431
431
433
436
438
445
445
447
450
452
454
456
461
465
468
471
473
479
479
482
482
487
487
489
493
495
496
498
499
503
507
510
511
515
516
518
519
520
522
525
528
530
536
539
543
543
544
551
553
554
554
560
562
562
563
565
567
570
571
574
574
574
577
0
3
5
9
11
17
17
17
19
27
27
29
31
32
39
42
42
42
45
45
47
52
54
57
59
63
67
68
72
79
81
86
89
90
92
96
101
106
108
108
112
116
121
131
134
135
135
137
140
145
151
154
155
161
164
166
172
174
178
178
180
186
191
192
196
207
210
212
216
222
223
225
230
231
233
235
236
237
239
242
243
247
249
253
254
263
264
267
269
272
277
278
280
284
287
287
287
290
291
292
295
300
305
306
308
310
311
313
317
325
329
334
335
340
341
343
344
345
348
353
355
360
365
371
374
374
380
384
389
393
393
393
394
397
398
405
407
410
413
417
417
421
427
431
431
434
435
438
440
440
440
444
447
450
450
450
451
451
453
456
460
461
466
468
472
478
481
483
490
492
492
493
496
500
501
504
507
509
513
515
519
521
522
524
528
529
531
532
534
534
539
541
543
544
546
548
548
550
553
556
558
560
561
564
565
565
566
566
567
567
569
569
569
570
573
574
575
576
577
579
579
581
584
584
586
587
587
589
0
3
8
10
10
15
21
22
24
25
29
33
40
40
45
52
52
55
57
59
63
65
65
73
75
75
80
83
83
88
89
94
96
97
98
100
101
103
106
108
109
112
114
116
117
122
125
129
136
137
137
139
142
148
151
155
156
159
159
163
165
166
167
171
173
174
178
179
181
182
187
189
192
193
196
200
200
200
203
204
207
207
211
213
214
217
221
224
224
230
233
236
240
244
252
255
256
263
267
272
274
276
278
281
281
284
285
289
289
292
297
300
304
307
308
310
317
320
321
322
325
329
330
333
341
348
353
358
359
360
364
371
372
373
375
378
387
392
397
400
401
407
409
410
410
410
412
413
418
419
420
421
422
426
426
427
428
428
430
433
434
439
439
440
442
443
443
443
447
448
451
455
461
461
462
465
466
468
468
468
469
472
473
479
482
483
486
487
489
489
491
491
496
499
499
499
501
502
504
505
506
506
506
509
509
511
512
513
515
515
517
522
523
525
527
529
530
530
531
532
532
532
532
532
532
532
532
534
0
1
7
10
12
16
21
25
28
29
29
36
40
41
44
45
46
47
51
52
54
55
64
70
71
72
73
77
79
84
88
95
97
104
108
114
118
120
122
124
130
130
130
135
138
140
147
147
150
156
156
158
158
162
165
168
173
176
178
180
186
188
189
191
193
194
196
200
203
209
213
215
215
217
218
219
221
227
230
231
239
244
244
245
248
250
250
252
259
261
266
272
276
280
284
287
293
294
298
302
305
310
313
315
315
317
320
321
322
323
325
332
339
341
342
349
354
359
361
365
373
375
376
380
384
385
387
388
390
392
402
403
405
407
409
412
416
418
420
421
423
426
427
429
429
433
437
439
440
443
445
446
450
451
452
453
453
454
458
460
464
467
467
469
472
474
476
479
479
480
483
487
488
492
492
494
494
499
501
505
507
509
512
514
515
519
519
523
525
529
532
532
532
533
535
538
538
540
541
541
541
543
545
546
548
549
0
1
4
5
5
9
15
22
22
22
23
27
34
34
38
44
46
47
47
48
51
52
53
56
58
63
67
72
75
82
85
86
87
89
91
96
102
105
110
113
117
122
123
129
132
132
134
139
143
147
148
151
153
154
157
169
171
178
181
182
186
190
192
192
196
200
206
209
209
212
219
224
228
229
234
237
242
243
247
254
257
259
263
267
270
275
279
281
285
288
288
290
290
292
293
295
300
301
301
303
304
309
310
312
317
320
320
320
320
326
330
333
337
338
342
344
345
353
357
359
361
361
362
366
372
373
375
377
378
382
382
390
391
392
393
395
396
402
405
407
410
412
412
418
421
428
431
437
439
441
446
449
453
455
461
463
465
470
472
473
477
477
477
479
483
488
491
497
500
504
506
510
511
512
515
516
519
521
521
524
524
526
528
530
535
540
541
543
543
544
546
546
548
548
550
551
554
556
559
560
562
563
565
566
566
567
570
570
571
573
574
578
578
578
579
580
581
582
585
0
7
7
14
18
20
21
23
27
29
35
39
42
50
56
59
60
64
67
70
75
79
82
85
86
89
90
93
97
98
101
103
104
111
117
120
122
124
127
129
130
132
132
137
140
143
146
146
149
150
152
157
166
168
174
174
176
177
179
184
189
190
193
194
196
197
198
200
200
202
204
210
214
215
218
219
223
225
225
226
228
230
239
243
245
248
248
252
255
257
257
261
266
270
271
272
274
277
281
282
286
288
292
294
297
299
300
302
304
305
310
310
311
319
321
328
332
335
337
342
346
350
356
363
364
366
367
370
371
373
379
380
380
385
392
395
398
401
404
408
410
414
419
424
425
429
436
439
439
440
444
444
449
450
451
458
462
464
466
467
470
473
475
479
482
485
486
487
489
490
491
494
495
496
496
498
498
503
507
509
511
511
512
513
515
515
519
520
521
525
531
531
531
534
535
536
537
537
538
538
539
544
546
547
552
552
553
555
558
560
560
562
563
565
565
566
566
567
568
570
572
574
574
574
576
576
576
578
578
579
579
580
581
582
583
583
583
584
585
585
585
586
587
588
0
2
6
8
10
14
15
17
19
21
23
26
27
29
36
42
47
48
52
54
58
60
61
61
65
70
78
82
89
89
92
95
100
102
104
112
115
119
126
128
128
129
132
133
133
135
136
137
139
141
146
149
156
161
162
165
170
171
176
177
181
187
191
194
196
202
208
209
213
215
220
228
228
229
230
236
245
246
249
254
256
259
270
271
271
274
279
282
290
291
293
294
296
296
300
305
308
309
309
312
314
316
320
322
328
332
340
346
351
355
355
358
359
361
362
363
368
373
375
375
384
387
388
393
397
401
406
410
419
423
425
429
436
437
440
445
446
448
454
456
456
460
462
467
471
472
472
480
485
485
488
492
493
495
497
502
503
505
509
514
517
518
519
525
525
525
527
528
529
531
536
537
542
542
550
553
554
558
563
564
568
572
572
573
577
579
581
581
582
583
586
586
586
587
589
590
592
592
593
594
595
596
598
602
605
605
606
608
610
612
613
613
613
614
618
619
621
623
624
0
0
1
4
6
9
9
10
14
17
24
24
27
29
29
31
34
35
38
39
42
46
46
50
50
54
54
55
55
63
68
70
72
76
76
77
80
80
81
84
88
92
94
97
101
104
105
106
112
114
116
117
117
123
124
125
125
128
132
136
142
145
151
155
156
159
162
164
170
172
175
178
182
187
193
200
205
208
212
214
214
215
218
221
224
232
233
236
241
243
244
246
247
248
250
253
256
256
259
261
263
267
274
278
280
282
285
289
289
293
298
299
300
304
309
312
313
318
318
324
327
327
329
329
331
331
333
335
340
344
347
351
352
359
359
359
367
367
369
369
370
371
371
372
375
377
378
385
389
393
395
397
401
408
409
409
410
414
414
416
422
423
427
428
432
433
436
446
447
448
448
450
452
452
454
455
455
457
458
458
461
463
465
467
469
470
471
471
476
477
478
479
480
480
485
486
490
493
495
497
497
500
502
503
504
506
507
507
508
509
512
513
515
516
517
520
523
523
524
527
528
530
531
531
532
0
0
5
11
15
16
18
19
22
29
32
35
38
41
41
47
48
52
52
52
59
61
66
73
78
84
87
89
94
101
107
113
116
118
121
125
127
130
134
135
140
147
149
150
160
164
165
171
174
178
183
184
188
194
198
200
202
206
207
208
208
212
220
222
222
224
227
227
229
233
236
244
245
245
250
253
259
262
267
271
272
276
282
284
291
293
300
305
307
311
312
313
315
318
321
323
323
330
331
332
337
342
347
351
353
356
360
366
368
371
375
378
380
383
384
386
386
389
391
393
393
395
398
399
399
402
408
409
415
415
419
424
427
431
434
436
440
445
446
446
447
454
461
465
467
467
468
471
472
475
477
477
483
486
489
489
495
500
502
503
507
508
508
511
514
514
515
516
519
523
527
531
533
534
536
537
539
546
550
552
555
555
558
558
563
564
570
571
572
572
573
576
581
582
583
585
586
590
591
594
602
603
607
610
611
613
615
617
618
619
622
623
626
626
629
631
632
634
635
636
637
638
639
640
640
642
645
646
646
646
647
648
649
651
651
651
653
653
656
656
659
660
661
662
662
662
662
662
662
664
666
667
667
667
668
668
668
0
0
6
6
8
12
14
16
17
21
28
30
35
38
44
47
47
50
53
54
58
61
63
70
75
78
81
89
90
90
92
93
97
99
100
105
106
115
117
122
126
129
133
137
138
139
145
149
151
154
156
161
164
170
176
177
178
183
184
188
190
193
201
203
205
205
207
211
213
216
221
227
227
233
240
242
247
252
252
256
261
264
264
273
278
284
290
297
298
305
313
318
319
321
323
323
325
331
333
336
338
340
340
341
345
349
353
353
354
356
361
369
371
372
373
374
378
379
384
385
387
388
391
396
398
399
404
408
408
409
412
412
412
413
421
422
425
430
432
434
436
440
450
454
458
459
460
462
465
469
477
481
482
482
486
489
493
498
507
510
513
519
521
523
526
527
527
531
534
538
538
542
544
549
550
550
552
552
555
555
557
558
559
560
561
566
571
576
576
577
577
578
579
582
586
587
589
591
592
594
596
597
604
608
610
614
616
618
619
619
623
623
625
627
631
633
634
635
638
639
639
640
640
641
641
644
646
646
647
648
650
650
650
650
650
650
652
653
654
655
657
658
659
660
661
664
665
665
666
666
668
670
672
672
672
672
672
672
672
672
673
674
0
4
5
6
9
16
22
23
24
28
29
35
40
45
47
49
49
57
59
62
64
65
66
68
71
81
84
90
91
95
98
100
100
105
105
107
111
113
115
117
120
126
131
136
140
147
150
153
159
161
164
166
172
172
176
179
184
188
189
191
191
193
194
194
194
203
207
208
212
214
217
221
222
225
226
229
230
231
235
239
242
247
253
255
259
264
264
265
265
267
272
275
278
283
285
286
290
293
299
303
309
311
313
314
320
322
324
329
333
341
343
346
353
355
360
370
372
376
379
384
386
387
390
392
393
395
396
400
402
408
409
413
416
422
423
425
426
434
438
443
447
450
456
457
462
465
466
470
472
473
476
485
486
491
495
495
501
504
507
511
514
516
517
524
529
529
530
533
534
536
540
541
546
546
549
551
552
552
556
558
560
571
571
572
578
581
584
589
593
595
602
605
605
608
609
611
615
616
621
623
625
627
629
632
633
637
639
641
645
646
648
648
649
650
651
652
653
655
657
659
660
661
662
664
665
665
665
666
667
668
670
670
671
672
672
673
673
676
677
678
681
681
681
681
681
681
682
683
685
687
689
689
689
690
691
691
691
692
693
694
694
695
695
696
697
697
697
697
699
699
699
699
700
701
701
702
702
703
704
706
707
707
707
707
708
708
708
709
709
709
709
710
710
710
710
710
711
713
714
714
714
714
715
716
716
717
718
719
719
721
0
4
6
9
13
19
24
26
35
38
46
48
52
57
60
66
67
68
71
75
76
76
79
85
86
89
97
97
99
100
104
110
116
118
122
123
127
128
130
130
136
139
146
149
153
153
157
163
166
168
176
177
178
180
187
189
189
195
196
202
210
214
215
217
219
227
230
231
233
236
240
243
247
248
253
256
258
258
259
266
274
278
280
283
286
291
294
294
299
300
305
307
310
316
323
328
330
333
333
334
340
344
353
355
357
358
361
366
374
382
388
392
395
401
401
403
412
419
421
424
427
427
432
439
444
445
452
454
456
458
459
460
462
467
478
487
493
494
495
497
499
503
505
511
513
514
516
519
522
524
534
538
544
547
549
556
556
557
558
567
572
573
577
581
583
586
589
590
594
594
596
598
600
601
601
602
605
606
609
615
620
625
625
630
632
633
636
638
639
647
648
649
650
651
656
663
666
669
670
670
671
674
676
678
678
683
686
688
690
692
693
697
700
703
705
707
708
708
710
712
713
713
714
714
715
716
716
720
722
722
722
726
727
728
729
731
731
732
733
734
735
737
737
737
738
739
741
742
747
748
748
748
748
750
753
753
753
754
754
755
756
756
756
757
758
758
758
759
760
761
761
761
761
761
761
761
762
762
0
3
5
6
15
18
19
19
23
27
28
36
36
38
39
43
46
50
52
52
57
58
62
62
69
69
70
73
77
78
79
85
93
94
98
102
103
105
105
106
107
110
112
119
120
124
129
129
131
138
144
144
150
158
161
162
166
168
168
170
177
179
186
194
199
201
208
211
214
216
223
225
227
230
235
241
245
249
253
253
257
259
260
266
269
275
277
281
283
286
287
287
291
291
295
301
305
307
309
310
312
315
316
322
323
323
328
331
340
341
343
344
350
353
353
356
356
363
367
374
378
384
389
391
392
394
401
404
406
408
409
412
413
414
418
422
428
429
433
437
439
442
447
449
454
458
461
463
464
468
472
477
478
480
483
484
489
496
497
497
498
502
507
509
513
518
522
527
531
533
540
545
547
551
555
556
558
560
561
565
565
570
575
575
576
580
582
586
588
590
590
590
591
600
602
604
606
607
611
616
616
618
621
623
624
627
627
628
634
635
642
643
645
646
646
647
651
653
658
659
659
659
663
663
665
665
668
668
672
672
674
677
678
678
680
680
684
685
685
685
686
686
687
687
688
690
691
691
692
694
695
695
695
695
695
696
698
698
699
700
703
703
705
706
707
707
708
709
709
709
710
710
710
711
711
712
712
715
715
716
717
717
717
718
719
721
722
723
723
723
723
723
723
724
724
724
724
724
724
724
725
725
725
725
727
728
729
730
731
0
5
8
14
15
21
26
27
27
30
35
44
46
49
49
52
58
65
68
69
74
76
79
80
84
90
91
91
93
94
97
97
101
103
103
110
110
114
117
117
123
128
131
134
135
135
137
139
144
145
147
148
152
157
160
162
166
166
169
175
179
180
181
183
187
191
193
196
199
206
208
211
215
215
216
218
220
221
225
228
231
236
242
242
244
250
255
257
260
265
268
275
276
282
282
287
290
293
293
300
301
306
309
311
314
315
316
318
324
330
335
336
337
341
341
342
343
348
357
359
365
367
370
374
375
375
381
385
386
386
386
387
389
393
394
397
398
398
403
404
408
408
412
416
417
417
421
423
423
429
436
437
442
443
447
449
457
461
467
470
473
474
475
475
478
480
482
484
484
486
490
491
492
496
504
506
509
509
509
512
517
518
518
519
519
519
523
526
526
531
531
534
534
535
536
536
537
542
546
547
549
552
552
554
555
557
558
560
565
566
570
570
571
572
573
575
579
579
580
583
585
587
589
591
592
594
594
594
594
595
597
597
597
598
599
###### size 1
#### runs
Vector: [136, 127, 170, 176, 198, 174, 225, 274, 198, 228, 219, 219, 257, 310, 309]
Mean: 214.66666666666666
Median: 219.0
Standard Deviation: 55.54620556240501
Variance: 3085.3809523809527
Minimum: 127
Maximum: 310
Range: (127, 310)
First Quartile (Q1): 175.0
Third Quartile (Q3): 242.5
#### records
Vector: [99, 185, 305, 383, 369, 396, 507, 498, 578, 535, 586, 624, 669, 721, 732]
Mean: 479.1333333333333
Median: 507.0
Standard Deviation: 187.9486505354461
Variance: 35324.695238095235
Minimum: 99
Maximum: 732
Range: (99, 732)
First Quartile (Q1): 376.0
Third Quartile (Q3): 605.0
###### size 2
#### runs
Vector: [53, 175, 170, 186, 158, 186, 175, 205, 228, 206, 244, 225, 262, 278, 235]
Mean: 199.06666666666666
Median: 205.0
Standard Deviation: 53.7593402737298
Variance: 2890.0666666666666
Minimum: 53
Maximum: 278
Range: (53, 278)
First Quartile (Q1): 175.0
Third Quartile (Q3): 231.5
#### records
Vector: [58, 239, 280, 317, 340, 448, 432, 516, 590, 550, 589, 534, 676, 762, 600]
Mean: 462.06666666666666
Median: 516.0
Standard Deviation: 186.36962760932397
Variance: 34733.63809523809
Minimum: 58
Maximum: 762
Range: (58, 762)
First Quartile (Q1): 328.5
Third Quartile (Q3): 589.5
┌ Info: Week 226 success rate: 1.0
┌ Info: Week 227 success rate: 1.0
┌ Info: Week 228 success rate: 1.0
┌ Info: Week 229 success rate: 1.0
┌ Info: Week 230 success rate: 1.0
┌ Info: Week 231 success rate: 1.0
┌ Info: Week 232 success rate: 1.0
┌ Info: Week 233 success rate: 0.0
┌ Info: Week 234 success rate: 1.0
┌ Info: Week 235 success rate: 1.0
simik@pop-os:~/Obsi/Prods/04-škola/_out/simulace-simsys$ ./qruna.sh 
0
1
2
2
4
4
5
6
6
6
7
7
7
7
7
8
9
10
10
11
12
13
13
14
14
16
16
16
17
17
17
17
18
18
19
20
20
20
20
22
22
23
23
24
24
24
24
24
24
24
24
24
26
26
27
29
31
33
33
34
35
35
35
0
0
1
4
4
4
5
5
5
5
6
8
9
9
10
11
11
11
12
13
15
17
18
19
21
21
22
22
23
25
26
27
28
28
29
29
30
30
31
31
31
32
34
34
34
35
35
36
37
37
38
40
42
42
42
43
45
45
45
47
47
47
48
48
48
49
52
52
53
0
0
3
4
5
5
6
6
8
10
12
15
16
18
20
24
25
28
29
31
32
33
33
34
34
37
39
40
48
49
50
52
53
53
55
58
59
61
61
63
68
68
68
68
68
72
75
75
79
79
79
80
82
85
89
90
90
91
92
93
96
98
99
0
2
4
4
6
7
7
7
8
10
11
12
13
16
17
19
19
23
24
26
29
32
0
1
6
7
8
10
10
15
16
17
22
25
29
34
35
35
36
36
41
43
44
50
56
62
63
63
64
66
68
68
69
70
74
78
78
78
80
83
84
84
88
91
95
95
98
98
99
101
102
102
104
106
107
109
109
111
111
112
114
117
118
122
128
131
132
137
139
140
142
143
0
1
3
4
8
9
11
14
15
15
15
19
23
23
25
26
26
26
27
29
30
31
34
36
37
38
39
39
40
43
47
48
51
52
0
0
1
4
5
7
8
9
11
12
12
13
15
18
18
21
24
28
30
31
31
34
35
39
42
42
42
45
49
49
56
57
62
63
63
65
67
72
74
74
76
78
83
85
89
89
90
94
95
98
98
105
107
109
110
112
117
119
119
120
121
123
125
128
130
130
135
136
137
139
141
141
143
143
144
145
146
0
1
1
4
8
14
14
16
19
21
23
27
28
29
32
32
37
41
41
45
46
46
49
54
59
63
65
67
68
72
76
76
78
79
80
86
92
96
99
103
105
106
107
110
111
115
121
122
128
130
131
132
134
135
135
138
139
141
142
143
144
147
150
150
151
152
155
155
157
159
160
164
165
166
168
168
169
169
171
172
173
176
177
178
178
178
178
178
178
178
178
179
180
182
184
0
2
9
11
14
16
17
21
22
24
25
25
28
29
31
33
38
39
41
46
48
49
49
53
55
56
57
62
63
63
66
71
73
77
77
81
83
86
88
88
89
94
100
104
107
112
117
118
119
122
126
129
131
134
137
138
140
141
143
150
154
155
159
161
168
173
173
176
177
179
179
180
185
185
185
188
188
190
190
192
193
194
195
196
199
201
201
0
8
8
13
17
21
22
23
24
29
34
39
39
42
45
47
49
51
58
61
69
72
76
80
84
88
89
95
95
100
101
103
110
110
111
112
112
117
122
125
129
134
134
138
142
146
148
151
152
152
153
155
158
161
162
162
165
171
173
175
178
180
180
180
187
187
190
193
194
194
196
196
199
201
201
201
203
203
208
210
211
211
212
213
214
217
219
220
221
0
1
5
5
8
11
12
16
18
19
20
22
22
25
27
28
29
31
36
36
39
41
42
43
44
48
61
64
68
70
73
75
77
79
81
81
82
84
85
88
94
98
100
104
104
106
108
109
111
120
123
124
124
125
127
128
129
132
134
135
137
139
141
141
143
144
146
151
153
157
160
161
167
172
173
176
177
178
183
184
188
189
193
194
195
195
200
202
203
203
203
203
203
0
0
2
4
6
6
8
13
14
16
21
22
27
28
29
35
40
40
40
40
45
49
51
51
54
57
63
67
69
71
71
74
79
83
85
90
93
98
98
100
103
106
109
112
113
116
116
121
124
127
130
132
134
137
138
143
149
151
158
163
163
163
164
166
169
170
170
172
177
177
178
178
179
180
181
181
183
185
188
190
193
193
196
197
199
200
202
203
0
0
1
4
4
5
11
16
21
22
24
31
35
40
43
46
47
49
52
55
57
61
66
68
75
75
77
81
84
88
92
93
96
105
105
108
111
112
113
114
115
122
123
124
126
130
131
133
136
141
144
150
157
163
165
166
170
171
173
174
181
189
191
193
197
203
204
209
210
214
214
216
221
221
221
226
227
227
228
231
233
237
239
244
246
247
247
247
247
247
0
1
2
9
9
12
16
18
18
19
20
20
26
28
28
35
38
40
41
44
49
52
59
64
66
71
73
77
80
81
82
89
89
94
96
98
100
107
110
114
119
123
127
131
137
144
144
145
149
154
158
161
161
165
167
171
175
179
183
188
190
193
194
195
200
206
208
210
212
218
221
222
224
224
227
232
235
238
238
239
244
244
247
247
248
250
251
254
256
256
258
0
5
7
7
10
13
13
15
23
29
36
44
45
47
51
54
59
65
67
70
73
77
85
86
91
94
101
103
106
106
106
107
108
113
120
120
123
124
127
128
130
133
136
138
140
144
145
152
160
166
170
172
176
181
184
186
190
192
193
197
198
201
206
207
209
209
216
219
220
220
222
226
228
234
238
239
244
253
256
256
256
257
260
261
262
264
266
269
274
275
278
278
280
280
280
281
281
282
283
284
286
0
6
7
14
16
23
27
29
31
37
41
46
47
48
48
53
59
61
65
65
67
68
70
74
76
79
83
89
90
90
94
99
101
104
106
109
112
114
114
115
116
118
121
123
127
131
135
136
141
146
154
155
159
163
165
168
170
172
178
181
185
185
188
189
191
194
195
196
199
203
204
209
209
209
211
212
215
219
224
224
224
224
225
225
228
230
232
234
235
236
236
237
239
243
244
246
246
246
249
250
251
257
258
258
258
0
2
9
9
10
15
17
18
23
27
28
28
31
34
40
42
46
46
50
50
53
54
57
57
58
61
62
65
65
68
70
70
71
81
87
95
97
105
109
111
117
122
128
130
130
131
136
138
139
139
140
147
151
155
160
161
162
162
163
163
167
168
170
171
173
176
182
182
185
188
189
190
192
193
195
199
200
201
203
204
206
208
209
209
211
214
215
219
223
224
226
227
227
230
231
231
231
235
236
238
240
241
0
7
10
12
14
16
17
18
18
21
28
36
41
41
44
44
49
51
54
59
61
61
64
65
70
70
73
81
86
86
88
89
89
89
90
91
95
97
97
104
106
112
115
120
122
124
129
133
139
140
144
149
153
158
159
163
169
173
175
177
182
183
183
185
189
192
195
198
203
203
204
205
209
212
213
217
219
220
223
224
224
226
226
230
234
236
236
239
240
242
244
250
252
254
258
259
260
260
261
261
261
261
264
264
264
0
1
2
3
8
10
18
21
22
27
30
31
31
35
41
47
48
54
60
62
62
67
67
71
74
74
74
76
77
80
84
88
89
92
92
93
98
98
100
101
102
105
112
114
115
117
121
123
124
126
129
135
139
141
144
147
151
152
153
155
166
167
167
169
169
173
174
179
180
184
192
195
199
199
202
204
204
204
209
210
211
214
215
216
223
226
230
233
233
233
235
236
242
246
247
249
253
253
254
255
260
262
264
265
265
266
267
267
269
271
271
274
275
276
276
0
4
8
16
20
21
29
37
37
40
41
43
48
56
56
58
63
68
71
72
75
79
83
83
91
98
103
104
108
109
112
119
119
122
126
126
129
129
131
133
136
145
152
155
156
157
158
160
165
166
171
172
174
177
179
179
184
187
189
189
191
192
199
202
205
208
208
208
210
213
218
219
221
221
225
228
232
233
233
235
236
243
246
248
248
248
252
255
257
258
264
266
270
274
274
276
276
281
284
289
289
292
0
4
6
10
14
18
25
30
34
38
47
49
55
57
58
60
65
73
74
81
84
89
96
96
101
105
110
113
121
123
127
131
133
135
138
148
148
148
152
159
162
166
170
175
179
185
186
186
188
196
198
201
203
204
206
210
210
212
216
218
218
219
220
224
227
234
240
242
244
250
251
255
256
261
262
267
269
274
274
278
279
279
280
281
281
286
293
298
298
298
300
302
302
303
307
312
313
317
319
325
329
331
331
334
335
335
335
335
338
340
340
341
343
344
345
0
3
6
12
20
22
24
24
27
30
32
35
38
40
49
54
56
60
64
71
75
78
88
93
94
98
101
105
106
107
111
114
119
124
128
130
133
133
134
137
138
142
146
149
151
156
157
164
168
170
172
175
181
185
188
190
190
192
193
195
203
205
206
211
215
222
224
224
226
230
232
233
235
237
241
245
252
253
256
259
261
263
263
269
269
269
271
273
278
278
281
281
281
282
284
288
289
292
292
292
295
297
300
300
301
302
304
307
309
0
3
9
14
16
16
22
22
23
25
29
32
40
43
46
48
48
52
54
55
65
66
70
72
73
76
76
79
82
82
85
92
101
103
106
107
112
115
123
128
135
136
142
151
155
161
161
162
167
169
177
182
192
198
199
201
204
206
213
220
222
222
224
224
230
234
235
236
237
243
246
249
251
258
260
260
260
263
265
269
270
273
279
282
284
287
295
297
303
303
311
314
316
316
317
318
329
335
336
338
341
345
353
355
356
357
358
358
358
364
367
367
368
368
371
372
373
374
377
377
0
5
5
8
14
14
15
19
28
32
35
43
43
50
52
55
58
60
65
67
72
74
80
88
89
91
92
95
95
98
99
101
102
102
102
103
106
108
111
115
119
122
124
127
128
132
138
145
152
155
157
162
166
167
169
169
171
172
178
180
181
182
187
192
196
198
198
198
205
208
208
211
214
220
220
226
230
233
235
237
242
247
249
251
251
251
252
252
255
259
262
264
266
270
272
274
275
282
284
288
289
291
292
296
299
304
312
312
313
314
315
317
317
321
321
322
325
326
328
328
329
329
332
335
335
338
338
338
338
0
7
8
13
14
17
20
23
26
33
36
40
45
48
52
56
58
64
66
70
74
75
76
82
83
83
93
96
104
105
106
112
122
123
124
126
129
136
139
142
143
146
151
154
156
156
156
158
164
167
170
171
171
171
179
183
185
190
191
194
197
201
204
205
208
214
215
219
220
220
221
222
224
227
234
240
246
247
247
249
251
257
259
261
262
262
269
269
270
271
274
278
280
287
288
292
296
296
298
299
301
302
303
304
308
310
314
318
320
323
323
326
0
4
7
10
13
13
15
22
23
24
25
30
35
37
37
38
45
46
46
50
53
58
63
65
71
75
77
79
79
84
84
85
88
93
95
95
97
98
102
103
104
107
111
114
115
117
124
126
132
138
139
142
148
148
152
159
160
163
165
168
169
169
170
174
175
176
181
187
188
190
193
193
195
199
201
207
208
212
213
217
223
227
233
235
237
237
237
238
241
248
249
249
250
251
256
261
262
263
264
266
270
270
272
274
275
278
281
282
284
286
289
291
293
295
295
295
298
298
298
0
0
1
10
12
15
16
23
24
33
36
39
39
40
41
45
51
56
56
56
57
61
67
70
72
80
82
87
88
89
92
95
97
101
102
106
110
112
118
119
123
125
127
129
132
136
139
141
141
142
148
153
157
162
165
168
171
172
175
179
183
190
191
198
201
204
206
213
216
218
219
223
226
228
231
234
236
237
240
246
247
250
254
256
257
262
264
268
272
276
281
282
288
293
298
305
307
312
316
319
320
325
325
326
326
328
333
337
339
342
343
348
349
351
354
355
356
359
360
360
360
362
364
366
367
367
368
371
372
373
375
376
377
0
2
3
5
9
9
10
18
19
22
26
30
37
39
45
46
50
52
57
58
62
63
64
65
66
69
72
79
83
88
88
90
94
99
101
108
113
116
118
123
125
130
134
135
135
135
137
143
144
147
148
152
158
159
160
160
160
162
165
166
167
171
174
179
182
188
190
192
196
202
203
209
209
211
213
214
214
219
220
224
229
231
233
236
237
237
239
241
245
249
253
257
261
261
263
263
266
267
269
274
274
276
278
279
280
282
282
284
287
291
291
294
295
297
298
301
304
305
307
307
314
318
318
320
322
322
323
325
328
330
332
333
0
4
4
11
14
15
21
23
23
27
27
33
38
38
42
45
46
50
58
61
61
62
64
67
69
73
76
77
77
80
81
86
90
91
96
96
101
110
111
116
119
120
130
142
150
151
156
158
158
164
164
167
173
174
178
179
179
183
185
185
187
194
196
200
206
210
212
216
216
219
222
222
223
224
224
228
231
234
237
240
245
245
247
250
251
252
256
263
263
265
270
277
280
283
285
285
285
286
287
288
290
292
297
300
303
308
311
315
321
323
324
328
332
334
336
337
339
340
341
341
344
346
347
349
349
352
355
356
357
357
0
3
6
6
9
15
24
25
26
30
33
33
36
40
42
44
49
52
58
60
60
62
62
63
66
71
73
74
75
75
77
83
86
89
97
103
107
110
112
117
118
122
124
125
125
127
131
131
133
134
135
136
137
138
140
143
147
149
158
159
162
165
170
171
174
176
177
180
182
182
185
187
193
196
203
208
208
209
213
214
220
220
223
224
229
229
229
233
238
243
249
250
255
259
259
266
266
274
275
278
287
289
290
293
300
303
303
305
307
309
309
310
314
314
321
323
323
326
327
328
328
329
330
332
337
340
341
341
341
342
343
344
347
###### size 1
#### runs
Vector: [63, 63, 70, 77, 87, 93, 90, 101, 102, 115, 115, 120, 112, 133, 130]
Mean: 98.06666666666666
Median: 101.0
Standard Deviation: 23.016970964506875
Variance: 529.7809523809525
Minimum: 63
Maximum: 133
Range: (63, 133)
First Quartile (Q1): 82.0
Third Quartile (Q3): 115.0
#### records
Vector: [35, 100, 144, 147, 201, 204, 247, 287, 242, 280, 352, 378, 328, 378, 358]
Mean: 245.4
Median: 247.0
Standard Deviation: 106.24486542215313
Variance: 11287.971428571429
Minimum: 35
Maximum: 378
Range: (35, 378)
First Quartile (Q1): 174.0
Third Quartile (Q3): 340.0
###### size 2
#### runs
Vector: [69, 22, 34, 95, 89, 88, 91, 105, 105, 102, 109, 129, 119, 132, 133]
Mean: 94.8
Median: 102.0
Standard Deviation: 32.53174274019585
Variance: 1058.3142857142857
Minimum: 22
Maximum: 133
Range: (22, 133)
First Quartile (Q1): 88.5
Third Quartile (Q3): 114.0
#### records
Vector: [54, 33, 54, 184, 222, 204, 262, 259, 265, 294, 309, 339, 300, 334, 348]
Mean: 230.73333333333332
Median: 262.0
Standard Deviation: 106.42131007507489
Variance: 11325.495238095235
Minimum: 33
Maximum: 348
Range: (33, 348)
First Quartile (Q1): 194.0
Third Quartile (Q3): 304.5
┌ Info: Week 124 success rate: 0.0
┌ Info: Week 125 success rate: 1.0
┌ Info: Week 126 success rate: 1.0
┌ Info: Week 127 success rate: 1.0
┌ Info: Week 128 success rate: 1.0
┌ Info: Week 129 success rate: 1.0
┌ Info: Week 130 success rate: 1.0
┌ Info: Week 131 success rate: 1.0
┌ Info: Week 132 success rate: 1.0
┌ Info: Week 133 success rate: 0.5
simik@pop-os:~/Obsi/Prods/04-škola/_out/simulace-simsys$ ./qruna.sh 
###### size 1
#### runs
Vector: [62, 42, 73, 53, 80, 87, 89, 97, 98, 129, 114, 116, 112, 138, 120]
Mean: 94.0
Median: 97.0
Standard Deviation: 28.27164152089005
Variance: 799.2857142857143
Minimum: 42
Maximum: 138
Range: (42, 138)
First Quartile (Q1): 76.5
Third Quartile (Q3): 115.0
#### records
Vector: [44, 48, 128, 149, 169, 234, 212, 267, 303, 280, 333, 319, 324, 342, 371]
Mean: 234.86666666666667
Median: 267.0
Standard Deviation: 106.0255135512652
Variance: 11241.409523809521
Minimum: 44
Maximum: 371
Range: (44, 371)
First Quartile (Q1): 159.0
Third Quartile (Q3): 321.5
###### size 2
#### runs
Vector: [26, 60, 27, 80, 82, 83, 87, 97, 97, 117, 110, 106, 107, 122, 123]
Mean: 88.26666666666667
Median: 97.0
Standard Deviation: 30.50402003171448
Variance: 930.4952380952382
Minimum: 26
Maximum: 123
Range: (26, 123)
First Quartile (Q1): 81.0
Third Quartile (Q3): 108.5
#### records
Vector: [21, 120, 55, 177, 190, 238, 199, 236, 261, 311, 275, 337, 320, 368, 365]
Mean: 231.53333333333333
Median: 238.0
Standard Deviation: 106.30338434786319
Variance: 11300.409523809523
Minimum: 21
Maximum: 368
Range: (21, 368)
First Quartile (Q1): 183.5
Third Quartile (Q3): 315.5
┌ Info: Week 114 success rate: 1.0
┌ Info: Week 115 success rate: 0.6666666666666666
┌ Info: Week 116 success rate: 0.6666666666666666
┌ Info: Week 117 success rate: 1.0
┌ Info: Week 118 success rate: 0.5
┌ Info: Week 119 success rate: 1.0
┌ Info: Week 120 success rate: 0.0
┌ Info: Week 121 success rate: 1.0
┌ Info: Week 122 success rate: 1.0
┌ Info: Week 123 success rate: 1.0
simik@pop-os:~/Obsi/Prods/04-škola/_out/simulace-simsys$ 
